app/build/intermediates/manifest_merge_blame_file/release/manifest-merger-blame-release-report.txt
1<?xml version="1.0" encoding="utf-8"?>
2<manifest xmlns:android="http://schemas.android.com/apk/res/android"
3    package="com.example.show"
4    android:versionCode="1"
5    android:versionName="1.0.3" >
6
7    <uses-sdk
8        android:minSdkVersion="14"
8-->src/main/AndroidManifest.xml
9        android:targetSdkVersion="27" />
9-->src/main/AndroidManifest.xml
10
11    <uses-permission android:name="android.permission.READ_PHONE_STATE" />
11-->src/main/AndroidManifest.xml:7:5-75
11-->src/main/AndroidManifest.xml:7:22-72
12    <uses-permission android:name="android.permission.SYSTEM_ALERT_WINDOW" />
12-->src/main/AndroidManifest.xml:8:5-78
12-->src/main/AndroidManifest.xml:8:22-75
13    <uses-permission android:name="android.permission.CALL_PHONE" />
13-->src/main/AndroidManifest.xml:9:5-69
13-->src/main/AndroidManifest.xml:9:22-66
14    <uses-permission android:name="android.permission.READ_CALL_LOG" />
14-->src/main/AndroidManifest.xml:10:5-71
14-->src/main/AndroidManifest.xml:10:22-69
15
16    <!-- <uses-permission android:name="android.permission.INTERNAL_SYSTEM_WINDOW" /> -->
17    <application
17-->src/main/AndroidManifest.xml:13:5-52:19
18        android:allowBackup="true"
18-->src/main/AndroidManifest.xml:14:9-35
19        android:icon="@drawable/ic_launcher"
19-->src/main/AndroidManifest.xml:15:9-45
20        android:label="@string/app_name"
20-->src/main/AndroidManifest.xml:16:9-41
21        android:theme="@style/AppTheme" >
21-->src/main/AndroidManifest.xml:17:9-40
22        <activity
22-->src/main/AndroidManifest.xml:18:9-27:20
23            android:name="com.example.show.MainActivity"
23-->src/main/AndroidManifest.xml:19:13-57
24            android:label="@string/app_name"
24-->src/main/AndroidManifest.xml:22:13-45
25            android:screenOrientation="landscape"
25-->src/main/AndroidManifest.xml:21:13-50
26            android:windowSoftInputMode="adjustUnspecified|stateHidden" >
26-->src/main/AndroidManifest.xml:20:13-72
27            <intent-filter>
27-->src/main/AndroidManifest.xml:23:13-26:29
28                <action android:name="android.intent.action.MAIN" />
28-->src/main/AndroidManifest.xml:24:17-69
28-->src/main/AndroidManifest.xml:24:25-66
29
30                <category android:name="android.intent.category.LAUNCHER" />
30-->src/main/AndroidManifest.xml:25:17-77
30-->src/main/AndroidManifest.xml:25:27-74
31            </intent-filter>
32        </activity>
33        <activity
33-->src/main/AndroidManifest.xml:28:9-32:20
34            android:name="com.example.show.ShowActivity"
34-->src/main/AndroidManifest.xml:29:13-57
35            android:label="@string/app_name"
35-->src/main/AndroidManifest.xml:30:13-45
36            android:screenOrientation="landscape" >
36-->src/main/AndroidManifest.xml:31:13-50
37        </activity>
38        <activity
38-->src/main/AndroidManifest.xml:34:9-45:20
39            android:name="com.example.show.IncomingActivity"
39-->src/main/AndroidManifest.xml:35:13-61
40            android:label="@string/app_name"
40-->src/main/AndroidManifest.xml:36:13-45
41            android:screenOrientation="landscape" >
41-->src/main/AndroidManifest.xml:37:13-50
42            <intent-filter>
42-->src/main/AndroidManifest.xml:38:13-44:29
43                <action android:name="android.intent.action.ANSWER" />
43-->src/main/AndroidManifest.xml:39:17-71
43-->src/main/AndroidManifest.xml:39:25-68
44
45                <category android:name="android.intent.category.DEFAULT" />
45-->src/main/AndroidManifest.xml:41:17-76
45-->src/main/AndroidManifest.xml:41:27-73
46
47                <action android:name="android.intent.action.PHONE_STATE" />
47-->src/main/AndroidManifest.xml:43:17-76
47-->src/main/AndroidManifest.xml:43:25-73
48            </intent-filter>
49        </activity>
50
51        <receiver android:name="com.example.show.receiver.MyPhoneBroadcastReceiver" >
51-->src/main/AndroidManifest.xml:47:9-51:20
51-->src/main/AndroidManifest.xml:47:19-84
52            <intent-filter android:priority="1000" >
52-->src/main/AndroidManifest.xml:48:13-50:29
52-->src/main/AndroidManifest.xml:48:28-51
53                <action android:name="android.intent.action.PHONE_STATE" />
53-->src/main/AndroidManifest.xml:43:17-76
53-->src/main/AndroidManifest.xml:43:25-73
54            </intent-filter>
55        </receiver>
56    </application>
57
58</manifest>